<?xml version="1.0" encoding="UTF-8"?>
<!-- Generated by org.testng.reporters.JUnitReportReporter -->
<testsuite skipped="0" hostname="LAPTOP-EFL0NV1G" name="com.sgtesting.tests.Assignment7" tests="12" failures="0" timestamp="2021-09-17T07:32:18 IST" time="53.113" errors="1">
  <testcase name="launchBrowser" time="4.963" classname="com.sgtesting.tests.Assignment7"/>
  <system-out/>
  <testcase name="navigate" time="5.741" classname="com.sgtesting.tests.Assignment7"/>
  <system-out/>
  <testcase name="login" time="4.372" classname="com.sgtesting.tests.Assignment7"/>
  <system-out/>
  <testcase name="minimizeFlyoutWindow" time="2.136" classname="com.sgtesting.tests.Assignment7"/>
  <system-out/>
  <testcase name="createCustomer" time="5.455" classname="com.sgtesting.tests.Assignment7"/>
  <system-out/>
  <testcase name="createProject" time="12.765" classname="com.sgtesting.tests.Assignment7"/>
  <system-out/>
  <testcase name="createTask" time="0.000" classname="com.sgtesting.tests.Assignment7">
    <error type="org.testng.TestNGException" message="
Method static void com.sgtesting.tests.Assignment7.createTask(java.lang.String) requires a @DataProvider named : getTasktData">
      <![CDATA[org.testng.TestNGException: 
Method static void com.sgtesting.tests.Assignment7.createTask(java.lang.String) requires a @DataProvider named : getTasktData
at org.testng.internal.Parameters.findDataProvider(Parameters.java:561)
at org.testng.internal.Parameters.handleParameters(Parameters.java:772)
at org.testng.internal.Parameters.handleParameters(Parameters.java:740)
at org.testng.internal.ParameterHandler.handleParameters(ParameterHandler.java:59)
at org.testng.internal.ParameterHandler.createParameters(ParameterHandler.java:38)
at org.testng.internal.TestInvoker$MethodInvocationAgent.invoke(TestInvoker.java:791)
at org.testng.internal.TestInvoker.invokeTestMethods(TestInvoker.java:146)
at org.testng.internal.TestMethodWorker.invokeTestMethods(TestMethodWorker.java:146)
at org.testng.internal.TestMethodWorker.run(TestMethodWorker.java:128)
at java.util.ArrayList.forEach(Unknown Source)
at org.testng.TestRunner.privateRun(TestRunner.java:794)
at org.testng.TestRunner.run(TestRunner.java:596)
at org.testng.SuiteRunner.runTest(SuiteRunner.java:377)
at org.testng.SuiteRunner.runSequentially(SuiteRunner.java:371)
at org.testng.SuiteRunner.privateRun(SuiteRunner.java:332)
at org.testng.SuiteRunner.run(SuiteRunner.java:276)
at org.testng.SuiteRunnerWorker.runSuite(SuiteRunnerWorker.java:53)
at org.testng.SuiteRunnerWorker.run(SuiteRunnerWorker.java:96)
at org.testng.TestNG.runSuitesSequentially(TestNG.java:1212)
at org.testng.TestNG.runSuitesLocally(TestNG.java:1134)
at org.testng.TestNG.runSuites(TestNG.java:1063)
at org.testng.TestNG.run(TestNG.java:1031)
at org.testng.remote.AbstractRemoteTestNG.run(AbstractRemoteTestNG.java:115)
at org.testng.remote.RemoteTestNG.initAndRun(RemoteTestNG.java:251)
at org.testng.remote.RemoteTestNG.main(RemoteTestNG.java:77)
]]>
    </error>
  </testcase> <!-- createTask -->
  <system-out/>
  <testcase name="deleteTask" time="0.082" classname="com.sgtesting.tests.Assignment7"/>
  <system-out/>
  <testcase name="deleteProject" time="8.531" classname="com.sgtesting.tests.Assignment7"/>
  <system-out/>
  <testcase name="deleteCustomerser" time="6.478" classname="com.sgtesting.tests.Assignment7"/>
  <system-out/>
  <testcase name="logout" time="2.378" classname="com.sgtesting.tests.Assignment7"/>
  <system-out/>
  <testcase name="close" time="0.212" classname="com.sgtesting.tests.Assignment7"/>
  <system-out/>
</testsuite> <!-- com.sgtesting.tests.Assignment7 -->
